<?xml version="1.0" encoding="UTF-8"?>
<!-- Generated by org.testng.reporters.JUnitReportReporter -->
<testsuite skipped="1" hostname="USER-PC" name="TestNG.CreateUser" tests="3" failures="0" timestamp="24 Apr 2018 10:19:16 GMT" time="54.147" errors="2">
  <testcase name="setUp" time="54.147" classname="TestNG.CreateUser">
    <error type="org.openqa.selenium.WebDriverException" message="Failed to connect to binary FirefoxBinary(C:\Program Files\Mozilla Firefox\firefox.exe) on port 7055; process output follows: 
dUpdates&quot;:1,&quot;skinnable&quot;:true,&quot;size&quot;:21152,&quot;sourceURI&quot;:null,&quot;releaseNotesURI&quot;:null,&quot;softDisabled&quot;:false,&quot;foreignInstall&quot;:false,&quot;hasBinaryComponents&quot;:false,&quot;strictCompatibility&quot;:true,&quot;locales&quot;:[],&quot;targetApplications&quot;:[{&quot;id&quot;:&quot;{ec8030f7-c20a-464f-9b0e-13a3a9e97384}&quot;,&quot;minVersion&quot;:&quot;50.0.1&quot;,&quot;maxVersion&quot;:&quot;50.0.1&quot;}],&quot;targetPlatforms&quot;:[],&quot;seen&quot;:true}
1524565111108	addons.xpi	DEBUG	getModTime: Recursive scan of {972ce4c6-7e08-4474-a285-3208198ce6fd}
1524565111112	DeferredSave.extensions.json	DEBUG	Save changes
1524565111112	addons.xpi	DEBUG	Updating database with changes to installed add-ons
1524565111112	addons.xpi-utils	DEBUG	Updating add-on states
1524565111115	addons.xpi-utils	DEBUG	Writing add-ons list
1524565111124	addons.xpi	DEBUG	Registering manifest for C:\Program Files\Mozilla Firefox\browser\features\aushelper@mozilla.org.xpi
1524565111126	addons.xpi	DEBUG	Calling bootstrap method startup on aushelper@mozilla.org version 1.0
1524565111131	addons.xpi	DEBUG	Registering manifest for C:\Program Files\Mozilla Firefox\browser\features\e10srollout@mozilla.org.xpi
1524565111132	addons.xpi	DEBUG	Calling bootstrap method startup on e10srollout@mozilla.org version 1.5
1524565111134	addons.xpi	DEBUG	Registering manifest for C:\Program Files\Mozilla Firefox\browser\features\firefox@getpocket.com.xpi
1524565111136	addons.xpi	DEBUG	Calling bootstrap method startup on firefox@getpocket.com version 1.0.5
1524565111139	addons.xpi	DEBUG	Registering manifest for C:\Program Files\Mozilla Firefox\browser\features\webcompat@mozilla.org.xpi
1524565111141	addons.xpi	DEBUG	Calling bootstrap method startup on webcompat@mozilla.org version 1.0
1524565111148	addons.manager	DEBUG	Registering shutdown blocker for XPIProvider
1524565111154	addons.manager	DEBUG	Provider finished startup: XPIProvider
1524565111156	addons.manager	DEBUG	Starting provider: LightweightThemeManager
1524565111157	addons.manager	DEBUG	Registering shutdown blocker for LightweightThemeManager
1524565111158	addons.manager	DEBUG	Provider finished startup: LightweightThemeManager
1524565111160	addons.manager	DEBUG	Starting provider: GMPProvider
1524565111189	addons.manager	DEBUG	Registering shutdown blocker for GMPProvider
1524565111190	addons.manager	DEBUG	Provider finished startup: GMPProvider
1524565111191	addons.manager	DEBUG	Starting provider: PluginProvider
1524565111195	addons.manager	DEBUG	Registering shutdown blocker for PluginProvider
1524565111197	addons.manager	DEBUG	Provider finished startup: PluginProvider
1524565111199	addons.manager	DEBUG	Completed startup sequence
[GFX1]: Potential driver version mismatch ignored due to missing DLLs 0.0.0.0 and 0.0.0.0
1524565113790	addons.manager	DEBUG	Starting provider: &lt;unnamed-provider&gt;
1524565113792	addons.manager	DEBUG	Registering shutdown blocker for &lt;unnamed-provider&gt;
1524565113796	addons.manager	DEBUG	Provider finished startup: &lt;unnamed-provider&gt;
1524565114639	DeferredSave.extensions.json	DEBUG	Write succeeded
1524565114639	addons.xpi-utils	DEBUG	XPI Database saved, setting schema version preference to 17
1524565114640	DeferredSave.extensions.json	DEBUG	Starting timer
1524565114685	DeferredSave.extensions.json	DEBUG	Starting write
1524565114711	addons.repository	DEBUG	No addons.json found.
1524565114714	DeferredSave.addons.json	DEBUG	Save changes
1524565114731	DeferredSave.addons.json	DEBUG	Starting timer
1524565115095	addons.manager	DEBUG	Starting provider: PreviousExperimentProvider
1524565115095	addons.manager	DEBUG	Registering shutdown blocker for PreviousExperimentProvider
1524565115096	addons.manager	DEBUG	Provider finished startup: PreviousExperimentProvider
1524565115112	DeferredSave.addons.json	DEBUG	Starting write
1524565115148	DeferredSave.extensions.json	DEBUG	Write succeeded
1524565115395	DeferredSave.addons.json	DEBUG	Write succeeded
Crash Annotation GraphicsCriticalError: |[C0][GFX1]: Potential driver version mismatch ignored due to missing DLLs 0.0.0.0 and 0.0.0.0 (t=48.1294) [GFX1]: Potential driver version mismatch ignored due to missing DLLs 0.0.0.0 and 0.0.0.0

Build info: version: &#039;2.53.0&#039;, revision: &#039;35ae25b&#039;, time: &#039;2016-03-15 17:00:58&#039;
System info: host: &#039;USER-PC&#039;, ip: &#039;192.168.1.2&#039;, os.name: &#039;Windows 7&#039;, os.arch: &#039;x86&#039;, os.version: &#039;6.1&#039;, java.version: &#039;1.8.0_121&#039;
Driver info: driver.version: FirefoxDriver">
      <![CDATA[org.openqa.selenium.WebDriverException: Failed to connect to binary FirefoxBinary(C:\Program Files\Mozilla Firefox\firefox.exe) on port 7055; process output follows: 
dUpdates":1,"skinnable":true,"size":21152,"sourceURI":null,"releaseNotesURI":null,"softDisabled":false,"foreignInstall":false,"hasBinaryComponents":false,"strictCompatibility":true,"locales":[],"targetApplications":[{"id":"{ec8030f7-c20a-464f-9b0e-13a3a9e97384}","minVersion":"50.0.1","maxVersion":"50.0.1"}],"targetPlatforms":[],"seen":true}
1524565111108addons.xpiDEBUGgetModTime: Recursive scan of {972ce4c6-7e08-4474-a285-3208198ce6fd}
1524565111112DeferredSave.extensions.jsonDEBUGSave changes
1524565111112addons.xpiDEBUGUpdating database with changes to installed add-ons
1524565111112addons.xpi-utilsDEBUGUpdating add-on states
1524565111115addons.xpi-utilsDEBUGWriting add-ons list
1524565111124addons.xpiDEBUGRegistering manifest for C:\Program Files\Mozilla Firefox\browser\features\aushelper@mozilla.org.xpi
1524565111126addons.xpiDEBUGCalling bootstrap method startup on aushelper@mozilla.org version 1.0
1524565111131addons.xpiDEBUGRegistering manifest for C:\Program Files\Mozilla Firefox\browser\features\e10srollout@mozilla.org.xpi
1524565111132addons.xpiDEBUGCalling bootstrap method startup on e10srollout@mozilla.org version 1.5
1524565111134addons.xpiDEBUGRegistering manifest for C:\Program Files\Mozilla Firefox\browser\features\firefox@getpocket.com.xpi
1524565111136addons.xpiDEBUGCalling bootstrap method startup on firefox@getpocket.com version 1.0.5
1524565111139addons.xpiDEBUGRegistering manifest for C:\Program Files\Mozilla Firefox\browser\features\webcompat@mozilla.org.xpi
1524565111141addons.xpiDEBUGCalling bootstrap method startup on webcompat@mozilla.org version 1.0
1524565111148addons.managerDEBUGRegistering shutdown blocker for XPIProvider
1524565111154addons.managerDEBUGProvider finished startup: XPIProvider
1524565111156addons.managerDEBUGStarting provider: LightweightThemeManager
1524565111157addons.managerDEBUGRegistering shutdown blocker for LightweightThemeManager
1524565111158addons.managerDEBUGProvider finished startup: LightweightThemeManager
1524565111160addons.managerDEBUGStarting provider: GMPProvider
1524565111189addons.managerDEBUGRegistering shutdown blocker for GMPProvider
1524565111190addons.managerDEBUGProvider finished startup: GMPProvider
1524565111191addons.managerDEBUGStarting provider: PluginProvider
1524565111195addons.managerDEBUGRegistering shutdown blocker for PluginProvider
1524565111197addons.managerDEBUGProvider finished startup: PluginProvider
1524565111199addons.managerDEBUGCompleted startup sequence
[GFX1]: Potential driver version mismatch ignored due to missing DLLs 0.0.0.0 and 0.0.0.0
1524565113790addons.managerDEBUGStarting provider: <unnamed-provider>
1524565113792addons.managerDEBUGRegistering shutdown blocker for <unnamed-provider>
1524565113796addons.managerDEBUGProvider finished startup: <unnamed-provider>
1524565114639DeferredSave.extensions.jsonDEBUGWrite succeeded
1524565114639addons.xpi-utilsDEBUGXPI Database saved, setting schema version preference to 17
1524565114640DeferredSave.extensions.jsonDEBUGStarting timer
1524565114685DeferredSave.extensions.jsonDEBUGStarting write
1524565114711addons.repositoryDEBUGNo addons.json found.
1524565114714DeferredSave.addons.jsonDEBUGSave changes
1524565114731DeferredSave.addons.jsonDEBUGStarting timer
1524565115095addons.managerDEBUGStarting provider: PreviousExperimentProvider
1524565115095addons.managerDEBUGRegistering shutdown blocker for PreviousExperimentProvider
1524565115096addons.managerDEBUGProvider finished startup: PreviousExperimentProvider
1524565115112DeferredSave.addons.jsonDEBUGStarting write
1524565115148DeferredSave.extensions.jsonDEBUGWrite succeeded
1524565115395DeferredSave.addons.jsonDEBUGWrite succeeded
Crash Annotation GraphicsCriticalError: |[C0][GFX1]: Potential driver version mismatch ignored due to missing DLLs 0.0.0.0 and 0.0.0.0 (t=48.1294) [GFX1]: Potential driver version mismatch ignored due to missing DLLs 0.0.0.0 and 0.0.0.0

Build info: version: '2.53.0', revision: '35ae25b', time: '2016-03-15 17:00:58'
System info: host: 'USER-PC', ip: '192.168.1.2', os.name: 'Windows 7', os.arch: 'x86', os.version: '6.1', java.version: '1.8.0_121'
Driver info: driver.version: FirefoxDriver
at org.openqa.selenium.firefox.internal.NewProfileExtensionConnection.start(NewProfileExtensionConnection.java:124)
at org.openqa.selenium.firefox.FirefoxDriver.startClient(FirefoxDriver.java:271)
at org.openqa.selenium.remote.RemoteWebDriver.<init>(RemoteWebDriver.java:119)
at org.openqa.selenium.firefox.FirefoxDriver.<init>(FirefoxDriver.java:218)
at org.openqa.selenium.firefox.FirefoxDriver.<init>(FirefoxDriver.java:211)
at org.openqa.selenium.firefox.FirefoxDriver.<init>(FirefoxDriver.java:207)
at org.openqa.selenium.firefox.FirefoxDriver.<init>(FirefoxDriver.java:120)
at TestNG.CreateUser.setUp(CreateUser.java:19)
at sun.reflect.NativeMethodAccessorImpl.invoke0(Native Method)
at sun.reflect.NativeMethodAccessorImpl.invoke(NativeMethodAccessorImpl.java:62)
at sun.reflect.DelegatingMethodAccessorImpl.invoke(DelegatingMethodAccessorImpl.java:43)
at java.lang.reflect.Method.invoke(Method.java:498)
at org.testng.internal.MethodInvocationHelper.invokeMethod(MethodInvocationHelper.java:124)
at org.testng.internal.MethodInvocationHelper.invokeMethodConsideringTimeout(MethodInvocationHelper.java:59)
at org.testng.internal.Invoker.invokeConfigurationMethod(Invoker.java:455)
at org.testng.internal.Invoker.invokeConfigurations(Invoker.java:222)
at org.testng.internal.Invoker.invokeConfigurations(Invoker.java:142)
at org.testng.internal.TestMethodWorker.invokeBeforeClassMethods(TestMethodWorker.java:168)
at org.testng.internal.TestMethodWorker.run(TestMethodWorker.java:105)
at org.testng.TestRunner.privateRun(TestRunner.java:648)
at org.testng.TestRunner.run(TestRunner.java:505)
at org.testng.SuiteRunner.runTest(SuiteRunner.java:455)
at org.testng.SuiteRunner.runSequentially(SuiteRunner.java:450)
at org.testng.SuiteRunner.privateRun(SuiteRunner.java:415)
at org.testng.SuiteRunner.run(SuiteRunner.java:364)
at org.testng.SuiteRunnerWorker.runSuite(SuiteRunnerWorker.java:52)
at org.testng.SuiteRunnerWorker.run(SuiteRunnerWorker.java:84)
at org.testng.TestNG.runSuitesSequentially(TestNG.java:1208)
at org.testng.TestNG.runSuitesLocally(TestNG.java:1137)
at org.testng.TestNG.runSuites(TestNG.java:1049)
at org.testng.TestNG.run(TestNG.java:1017)
at org.testng.remote.AbstractRemoteTestNG.run(AbstractRemoteTestNG.java:114)
at org.testng.remote.RemoteTestNG.initAndRun(RemoteTestNG.java:251)
at org.testng.remote.RemoteTestNG.main(RemoteTestNG.java:77)
Caused by: org.openqa.selenium.firefox.NotConnectedException: Unable to connect to host 127.0.0.1 on port 7055 after 45000 ms. Firefox console output:
dUpdates":1,"skinnable":true,"size":21152,"sourceURI":null,"releaseNotesURI":null,"softDisabled":false,"foreignInstall":false,"hasBinaryComponents":false,"strictCompatibility":true,"locales":[],"targetApplications":[{"id":"{ec8030f7-c20a-464f-9b0e-13a3a9e97384}","minVersion":"50.0.1","maxVersion":"50.0.1"}],"targetPlatforms":[],"seen":true}
1524565111108addons.xpiDEBUGgetModTime: Recursive scan of {972ce4c6-7e08-4474-a285-3208198ce6fd}
1524565111112DeferredSave.extensions.jsonDEBUGSave changes
1524565111112addons.xpiDEBUGUpdating database with changes to installed add-ons
1524565111112addons.xpi-utilsDEBUGUpdating add-on states
1524565111115addons.xpi-utilsDEBUGWriting add-ons list
1524565111124addons.xpiDEBUGRegistering manifest for C:\Program Files\Mozilla Firefox\browser\features\aushelper@mozilla.org.xpi
1524565111126addons.xpiDEBUGCalling bootstrap method startup on aushelper@mozilla.org version 1.0
1524565111131addons.xpiDEBUGRegistering manifest for C:\Program Files\Mozilla Firefox\browser\features\e10srollout@mozilla.org.xpi
1524565111132addons.xpiDEBUGCalling bootstrap method startup on e10srollout@mozilla.org version 1.5
1524565111134addons.xpiDEBUGRegistering manifest for C:\Program Files\Mozilla Firefox\browser\features\firefox@getpocket.com.xpi
1524565111136addons.xpiDEBUGCalling bootstrap method startup on firefox@getpocket.com version 1.0.5
1524565111139addons.xpiDEBUGRegistering manifest for C:\Program Files\Mozilla Firefox\browser\features\webcompat@mozilla.org.xpi
1524565111141addons.xpiDEBUGCalling bootstrap method startup on webcompat@mozilla.org version 1.0
1524565111148addons.managerDEBUGRegistering shutdown blocker for XPIProvider
1524565111154addons.managerDEBUGProvider finished startup: XPIProvider
1524565111156addons.managerDEBUGStarting provider: LightweightThemeManager
1524565111157addons.managerDEBUGRegistering shutdown blocker for LightweightThemeManager
1524565111158addons.managerDEBUGProvider finished startup: LightweightThemeManager
1524565111160addons.managerDEBUGStarting provider: GMPProvider
1524565111189addons.managerDEBUGRegistering shutdown blocker for GMPProvider
1524565111190addons.managerDEBUGProvider finished startup: GMPProvider
1524565111191addons.managerDEBUGStarting provider: PluginProvider
1524565111195addons.managerDEBUGRegistering shutdown blocker for PluginProvider
1524565111197addons.managerDEBUGProvider finished startup: PluginProvider
1524565111199addons.managerDEBUGCompleted startup sequence
[GFX1]: Potential driver version mismatch ignored due to missing DLLs 0.0.0.0 and 0.0.0.0
1524565113790addons.managerDEBUGStarting provider: <unnamed-provider>
1524565113792addons.managerDEBUGRegistering shutdown blocker for <unnamed-provider>
1524565113796addons.managerDEBUGProvider finished startup: <unnamed-provider>
1524565114639DeferredSave.extensions.jsonDEBUGWrite succeeded
1524565114639addons.xpi-utilsDEBUGXPI Database saved, setting schema version preference to 17
1524565114640DeferredSave.extensions.jsonDEBUGStarting timer
1524565114685DeferredSave.extensions.jsonDEBUGStarting write
1524565114711addons.repositoryDEBUGNo addons.json found.
1524565114714DeferredSave.addons.jsonDEBUGSave changes
1524565114731DeferredSave.addons.jsonDEBUGStarting timer
1524565115095addons.managerDEBUGStarting provider: PreviousExperimentProvider
1524565115095addons.managerDEBUGRegistering shutdown blocker for PreviousExperimentProvider
1524565115096addons.managerDEBUGProvider finished startup: PreviousExperimentProvider
1524565115112DeferredSave.addons.jsonDEBUGStarting write
1524565115148DeferredSave.extensions.jsonDEBUGWrite succeeded
1524565115395DeferredSave.addons.jsonDEBUGWrite succeeded
Crash Annotation GraphicsCriticalError: |[C0][GFX1]: Potential driver version mismatch ignored due to missing DLLs 0.0.0.0 and 0.0.0.0 (t=48.1294) [GFX1]: Potential driver version mismatch ignored due to missing DLLs 0.0.0.0 and 0.0.0.0

at org.openqa.selenium.firefox.internal.NewProfileExtensionConnection.start(NewProfileExtensionConnection.java:112)
... 33 more
]]>
    </error>
  </testcase> <!-- setUp -->
  <testcase name="tearDown" time="0.000" classname="TestNG.CreateUser">
    <error type="java.lang.NullPointerException">
      <![CDATA[java.lang.NullPointerException
at TestNG.CreateUser.tearDown(CreateUser.java:42)
at sun.reflect.NativeMethodAccessorImpl.invoke0(Native Method)
at sun.reflect.NativeMethodAccessorImpl.invoke(NativeMethodAccessorImpl.java:62)
at sun.reflect.DelegatingMethodAccessorImpl.invoke(DelegatingMethodAccessorImpl.java:43)
at java.lang.reflect.Method.invoke(Method.java:498)
at org.testng.internal.MethodInvocationHelper.invokeMethod(MethodInvocationHelper.java:124)
at org.testng.internal.MethodInvocationHelper.invokeMethodConsideringTimeout(MethodInvocationHelper.java:59)
at org.testng.internal.Invoker.invokeConfigurationMethod(Invoker.java:455)
at org.testng.internal.Invoker.invokeConfigurations(Invoker.java:222)
at org.testng.internal.Invoker.invokeConfigurations(Invoker.java:142)
at org.testng.internal.TestMethodWorker.invokeAfterClassMethods(TestMethodWorker.java:214)
at org.testng.internal.TestMethodWorker.run(TestMethodWorker.java:111)
at org.testng.TestRunner.privateRun(TestRunner.java:648)
at org.testng.TestRunner.run(TestRunner.java:505)
at org.testng.SuiteRunner.runTest(SuiteRunner.java:455)
at org.testng.SuiteRunner.runSequentially(SuiteRunner.java:450)
at org.testng.SuiteRunner.privateRun(SuiteRunner.java:415)
at org.testng.SuiteRunner.run(SuiteRunner.java:364)
at org.testng.SuiteRunnerWorker.runSuite(SuiteRunnerWorker.java:52)
at org.testng.SuiteRunnerWorker.run(SuiteRunnerWorker.java:84)
at org.testng.TestNG.runSuitesSequentially(TestNG.java:1208)
at org.testng.TestNG.runSuitesLocally(TestNG.java:1137)
at org.testng.TestNG.runSuites(TestNG.java:1049)
at org.testng.TestNG.run(TestNG.java:1017)
at org.testng.remote.AbstractRemoteTestNG.run(AbstractRemoteTestNG.java:114)
at org.testng.remote.RemoteTestNG.initAndRun(RemoteTestNG.java:251)
at org.testng.remote.RemoteTestNG.main(RemoteTestNG.java:77)
]]>
    </error>
  </testcase> <!-- tearDown -->
  <testcase name="testCreateuser" time="0.000" classname="TestNG.CreateUser">
    <skipped/>
  </testcase> <!-- testCreateuser -->
</testsuite> <!-- TestNG.CreateUser -->
