<?xml version="1.0" encoding="UTF-8"?>
<!-- Generated by org.testng.reporters.JUnitReportReporter -->
<testsuite skipped="0" hostname="USER-PC" name="TestNG11.FirstTestNG" tests="3" failures="0" timestamp="25 Apr 2018 09:50:04 GMT" time="0.037" errors="0">
  <testcase name="loginApplication" time="0.032" classname="TestNG11.FirstTestNG"/>
  <testcase name="selectItems" time="0.005" classname="TestNG11.FirstTestNG"/>
  <testcase name="Checkout" time="0.000" classname="TestNG11.FirstTestNG"/>
</testsuite> <!-- TestNG11.FirstTestNG -->
