<?xml version="1.0" encoding="UTF-8"?>
<!-- Generated by org.testng.reporters.JUnitReportReporter -->
<testsuite skipped="0" hostname="USER-PC" name="TestNG11.Testng12" tests="5" failures="0" timestamp="25 Apr 2018 08:53:00 GMT" time="0.061" errors="0">
  <testcase name="b_method" time="0.004" classname="TestNG11.Testng12"/>
  <testcase name="c_method" time="0.004" classname="TestNG11.Testng12"/>
  <testcase name="a_method" time="0.042" classname="TestNG11.Testng12"/>
  <testcase name="e_method" time="0.006" classname="TestNG11.Testng12"/>
  <testcase name="d_method" time="0.005" classname="TestNG11.Testng12"/>
</testsuite> <!-- TestNG11.Testng12 -->
