<?xml version="1.0" encoding="UTF-8"?>
<!-- Generated by org.testng.reporters.JUnitReportReporter -->
<testsuite skipped="0" hostname="USER-PC" name="Grid.Node2" tests="1" failures="0" timestamp="26 Apr 2018 09:48:03 GMT" time="66.850" errors="0">
  <testcase name="f" time="66.850" classname="Grid.Node2"/>
</testsuite> <!-- Grid.Node2 -->
